

============================== 2023-06-19 04:43:09.683147 | d04999ca-aca4-4c60-8276-ccf0dd74ef54 ==============================
[0m04:43:09.683147 [info ] [MainThread]: Running with dbt=1.4.6
[0m04:43:09.686862 [debug] [MainThread]: running dbt with arguments {'write_json': True, 'use_colors': True, 'printer_width': 80, 'version_check': True, 'partial_parse': True, 'static_parser': True, 'profiles_dir': 'C:\\Users\\Alex\\.dbt', 'send_anonymous_usage_stats': True, 'quiet': False, 'no_print': False, 'cache_selected_only': False, 'project_name': 'warehouse-mart', 'skip_profile_setup': False, 'which': 'init', 'indirect_selection': 'eager'}
[0m04:43:09.686862 [debug] [MainThread]: Tracking: tracking
[0m04:43:09.719794 [debug] [MainThread]: Sending event: {'category': 'dbt', 'action': 'invocation', 'label': 'start', 'context': [<snowplow_tracker.self_describing_json.SelfDescribingJson object at 0x000001B730ED0C10>, <snowplow_tracker.self_describing_json.SelfDescribingJson object at 0x000001B72E278CD0>, <snowplow_tracker.self_describing_json.SelfDescribingJson object at 0x000001B73085E490>]}
[0m04:44:07.338790 [debug] [MainThread]: Starter project path: C:\Users\Alex\OneDrive\Wideworld-importers-data-warehouse\WideWorldImporters_Warehouse_Mart\virtual-dbt\env\Lib\site-packages\dbt\include\starter_project
[0m04:44:12.565109 [info ] [MainThread]: No sample profile found for sqlserver.
[0m04:44:12.567009 [info ] [MainThread]: 
Your new dbt project "warehouse" was created!

For more information on how to configure the profiles.yml file,
please consult the dbt documentation here:

  https://docs.getdbt.com/docs/configure-your-profile

One more thing:

Need help? Don't hesitate to reach out to us via GitHub issues or on Slack:

  https://community.getdbt.com/

Happy modeling!

[0m04:44:12.567009 [debug] [MainThread]: Sending event: {'category': 'dbt', 'action': 'invocation', 'label': 'end', 'context': [<snowplow_tracker.self_describing_json.SelfDescribingJson object at 0x000001B731251CD0>, <snowplow_tracker.self_describing_json.SelfDescribingJson object at 0x000001B73085E490>, <snowplow_tracker.self_describing_json.SelfDescribingJson object at 0x000001B730DCFB50>]}
[0m04:44:12.568012 [debug] [MainThread]: Flushing usage events


============================== 2023-06-19 04:52:30.969949 | 57ece742-c638-4654-a23a-1465a7ef1016 ==============================
[0m04:52:30.969949 [info ] [MainThread]: Running with dbt=1.4.6
[0m04:52:30.976526 [debug] [MainThread]: running dbt with arguments {'write_json': True, 'use_colors': True, 'printer_width': 80, 'version_check': True, 'partial_parse': True, 'static_parser': True, 'profiles_dir': 'C:\\Users\\Alex\\.dbt', 'send_anonymous_usage_stats': True, 'quiet': False, 'no_print': False, 'cache_selected_only': False, 'config_dir': False, 'which': 'debug', 'indirect_selection': 'eager'}
[0m04:52:30.976526 [debug] [MainThread]: Tracking: tracking
[0m04:52:31.021545 [debug] [MainThread]: Sending event: {'category': 'dbt', 'action': 'invocation', 'label': 'start', 'context': [<snowplow_tracker.self_describing_json.SelfDescribingJson object at 0x0000022640464450>, <snowplow_tracker.self_describing_json.SelfDescribingJson object at 0x0000022640202950>, <snowplow_tracker.self_describing_json.SelfDescribingJson object at 0x0000022640464490>]}
[0m04:52:31.036287 [info ] [MainThread]: Error importing adapter: No module named 'dbt.adapters.snowflake'
[0m04:52:31.276691 [debug] [MainThread]: Executing "git --help"
[0m04:52:31.315624 [debug] [MainThread]: STDOUT: "b"usage: git [-v | --version] [-h | --help] [-C <path>] [-c <name>=<value>]\n           [--exec-path[=<path>]] [--html-path] [--man-path] [--info-path]\n           [-p | --paginate | -P | --no-pager] [--no-replace-objects] [--bare]\n           [--git-dir=<path>] [--work-tree=<path>] [--namespace=<name>]\n           [--super-prefix=<path>] [--config-env=<name>=<envvar>]\n           <command> [<args>]\n\nThese are common Git commands used in various situations:\n\nstart a working area (see also: git help tutorial)\n   clone     Clone a repository into a new directory\n   init      Create an empty Git repository or reinitialize an existing one\n\nwork on the current change (see also: git help everyday)\n   add       Add file contents to the index\n   mv        Move or rename a file, a directory, or a symlink\n   restore   Restore working tree files\n   rm        Remove files from the working tree and from the index\n\nexamine the history and state (see also: git help revisions)\n   bisect    Use binary search to find the commit that introduced a bug\n   diff      Show changes between commits, commit and working tree, etc\n   grep      Print lines matching a pattern\n   log       Show commit logs\n   show      Show various types of objects\n   status    Show the working tree status\n\ngrow, mark and tweak your common history\n   branch    List, create, or delete branches\n   commit    Record changes to the repository\n   merge     Join two or more development histories together\n   rebase    Reapply commits on top of another base tip\n   reset     Reset current HEAD to the specified state\n   switch    Switch branches\n   tag       Create, list, delete or verify a tag object signed with GPG\n\ncollaborate (see also: git help workflows)\n   fetch     Download objects and refs from another repository\n   pull      Fetch from and integrate with another repository or a local branch\n   push      Update remote refs along with associated objects\n\n'git help -a' and 'git help -g' list available subcommands and some\nconcept guides. See 'git help <command>' or 'git help <concept>'\nto read about a specific subcommand or concept.\nSee 'git help git' for an overview of the system.\n""
[0m04:52:31.316619 [debug] [MainThread]: STDERR: "b''"
[0m04:52:31.321615 [debug] [MainThread]: Sending event: {'category': 'dbt', 'action': 'invocation', 'label': 'end', 'context': [<snowplow_tracker.self_describing_json.SelfDescribingJson object at 0x0000022640853ED0>, <snowplow_tracker.self_describing_json.SelfDescribingJson object at 0x0000022640885D50>, <snowplow_tracker.self_describing_json.SelfDescribingJson object at 0x0000022640480410>]}
[0m04:52:31.322614 [debug] [MainThread]: Flushing usage events
